<?xml version="1.0" encoding="UTF-8"?>
<!-- Generated by org.testng.reporters.JUnitReportReporter -->
<testsuite hostname="DESKTOP-ASV0EV8" failures="0" tests="3" name="Com.comCastTest.Contact" time="0.032" errors="0" timestamp="21 Sep 2021 11:24:11 GMT" skipped="0">
  <testcase classname="Com.comCastTest.Contact" name="deletContactTest" time="0.003"/>
  <testcase classname="Com.comCastTest.Contact" name="CreatWithOrgTest" time="0.003"/>
  <testcase classname="Com.comCastTest.Contact" name="CreatContactTest" time="0.026"/>
</testsuite> <!-- Com.comCastTest.Contact -->
