<?xml version="1.0" encoding="UTF-8"?>
<!-- Generated by org.testng.reporters.JUnitReportReporter -->
<testsuite hostname="DESKTOP-ASV0EV8" failures="0" tests="3" name="Com.comCastTest.ContactTest" time="0.041" errors="0" timestamp="22 Sep 2021 08:40:32 GMT" skipped="0">
  <testcase classname="Com.comCastTest.ContactTest" name="deletContactTest" time="0.004"/>
  <testcase classname="Com.comCastTest.ContactTest" name="CreatWithOrgTest" time="0.003"/>
  <testcase classname="Com.comCastTest.ContactTest" name="CreatContactTest" time="0.034"/>
</testsuite> <!-- Com.comCastTest.ContactTest -->
